<?xml version="1.0" encoding="UTF-8"?>
<!-- Generated by org.testng.reporters.JUnitReportReporter -->
<testsuite hostname="DESKTOP-QN51JOT" failures="0" tests="1" name="test.GridTest" time="9.084" errors="0" timestamp="2021-05-11T10:50:03 EDT" skipped="0">
  <testcase classname="test.GridTest" name="accountCreation" time="9.084"/>
  <system-out/>
</testsuite> <!-- test.GridTest -->
