<?xml version="1.0" encoding="UTF-8"?>
<!-- Generated by org.testng.reporters.JUnitReportReporter -->
<testsuite hostname="DESKTOP-QN51JOT" failures="0" tests="1" name="test.AccountCreationTest" time="0.017" errors="0" timestamp="2021-05-10T17:19:32 EDT" skipped="0">
  <testcase classname="test.AccountCreationTest" name="accountCreation" time="0.017"/>
  <system-out/>
</testsuite> <!-- test.AccountCreationTest -->
