<?xml version="1.0" encoding="UTF-8"?>
<!-- Generated by org.testng.reporters.JUnitReportReporter -->
<testsuite hostname="DESKTOP-QN51JOT" failures="0" tests="1" name="test.GridTest" time="11.759" errors="0" timestamp="2021-05-11T12:50:01 EDT" skipped="0">
  <testcase classname="test.GridTest" name="accountCreation" time="11.759"/>
  <system-out/>
</testsuite> <!-- test.GridTest -->
