<?xml version="1.0" encoding="UTF-8"?>
<!-- Generated by org.testng.reporters.JUnitReportReporter -->
<testsuite hostname="DESKTOP-QN51JOT" failures="0" tests="1" name="test.GridTest" time="7.348" errors="0" timestamp="2021-05-11T11:30:27 EDT" skipped="0">
  <testcase classname="test.GridTest" name="accountCreation" time="7.348"/>
  <system-out/>
</testsuite> <!-- test.GridTest -->
